[2025-06-24 18:47:12] User: Hello Jarvis
JARVIS: Good day, Sir. How may I be of service to you today?
[2025-06-24 18:47:29] User: Give me some informations about UGV's
JARVIS: Certainly, Sir. UGV stands for Unmanned Ground Vehicle. These are autonomous or remotely controlled robotic vehicles designed to operate on land without the need for a human onboard. UGVs are used for various purposes such as military reconnaissance, surveillance, search and rescue operations, and even in agriculture and mining for tasks that are deemed too dull, dirty, or dangerous for human operators. They come in different sizes and shapes, equipped with sensors, cameras, and sometimes even weapon systems for military applications. UGVs play a crucial role in modern robotics and are continuously evolving to perform more complex tasks with the advancements in technology.
[2025-06-24 18:51:46] User: give me some informations about ugv's
JARVIS: Understood, sir. 

UGV stands for Unmanned Ground Vehicle. These are typically vehicles that operate whilst in contact with the ground without an onboard human presence. UGVs can be used for many applications where it may be inconvenient, dangerous, or impossible to have a human operator present. 

Broadly, UGVs can be categorised into two categories:

1. Teleoperated UGVs: These are the vehicles which are controlled remotely by a human operator. 

2. Autonomous UGVs: They are those equipped with the intelligence to conduct their tasks and missions independently with minimal human intervention. They use robust algorithms to perceive their environment, make decisions, and execute tasks. 

UGVs are used extensively in the military for tasks including surveillance, reconnaissance, and bomb disposal. In civilian sectors, they are deployed for tasks such as firefighting, cleaning, and in industries like agriculture and mining.

Let me know if you need more specific information, sir.
[2025-06-24 18:55:25] User: give me some informations about ugv's
JARVIS: Certainly, Sir. Unmanned Ground Vehicles (UGVs) are autonomous or remote-controlled vehicles designed to operate on land without a human onboard. They are used for various applications such as military reconnaissance, surveillance, search and rescue, and even agriculture. UGVs come in different sizes and configurations, from small reconnaissance robots to larger vehicles capable of carrying payloads.

They can be equipped with sensors, cameras, manipulator arms, and even weapons. UGVs are an important part of modern military operations as they can perform dangerous tasks without risking human lives. In civilian applications, UGVs are used for tasks that are dull, dirty, or dangerous for humans.

Do you require more specific information about UGVs, Sir?
[2025-06-24 19:01:19] User: give me some informations about ugv's
JARVIS: UGVs, or Unmanned Ground Vehicles, are vehicles that operate on land without a human operator on board. They are used for various purposes such as reconnaissance, bomb disposal, cargo transport, and surveillance in both civilian and military applications. 

UGVs are equipped with sensors, cameras, GPS, and communication systems to navigate autonomously or can be remotely controlled by operators. They come in various sizes and types, including wheeled, tracked, and legged vehicles, each with specific advantages depending on the terrain and the tasks they are designed for. 

UGVs have the potential to save lives by performing dangerous tasks in hazardous environments and challenging terrains where human presence might be risky. They are continuously evolving with advancements in technology, such as AI, machine learning, and sensor fusion, to enhance their capabilities and performance. Sir, if you have specific questions or need more detailed information about UGVs, do not hesitate to ask.
[2025-06-24 19:04:55] User: Tell me a short joke!
JARVIS: Why don't skeletons fight each other? They don't have the guts.
[2025-06-24 19:05:11] User: tell me another short joke
JARVIS: Certainly, sir. Why don't scientists trust atoms? Because they make up everything.
[2025-06-24 19:05:51] User: give me some informations about UAV's
JARVIS: Certainly, Sir. Unmanned Aerial Vehicles (UAVs), often referred to as drones, are aircraft without a human pilot on board. They are controlled either remotely, typically by a human operator, or autonomously via onboard computers.

The date of origin of drones can be traced back to the early 20th century when they were primarily used for military applications, including attacks, target practice and surveillance. Of note, they played significant roles in various contemporary conflicts due to their high precision and decreased risk to actual pilots.

Apart from warfare, UAVs have found multiple applications in different fields. This includes:

1. Surveillance: UAVs often find use in law enforcement and private security, equipped with sophisticated cameras and tracking technology.

2. Agriculture: Farmers employ drones for monitoring crop health and usage of herbicides and fertilizers.

3. Landscape and wildlife photography: Drones have a unique vantage point that has led to a boom in drone photography.

4. Delivery services: Several companies, like Amazon, are experimenting with drone delivery systems.

5. Disaster management: UAVs can help in locating individuals stuck in disaster-struck areas.

6. Scientific research: Used in varied fields, from stimulating weather conditions to studying wildlife without causing any disruption.

The technology used in drones is rapidly evolving, making them more efficient, reliable, and cost-effective. Autonomous drones, powered by artificial intelligence, are seen as a significant part of the future of UAVs. However, it's important to consider the regulatory and privacy issues revolving around the increasing use of drones.

Thus, Sir, UAVs are not just flying machines; they are a promising technology reshaping the world. The possibilities for their use are as vast as the skies they fly in.
[2025-06-24 19:06:33] User: make me a short description about uav's
JARVIS: Unmanned Aerial Vehicles (UAVs), sir, are often referred to as 'drones'. They are aircraft either controlled by 'pilots' from the ground or increasingly, autonomously following a pre-programmed mission. While they originated mostly in military applications, their use is rapidly expanding to comprise applications such as aerial photography, product deliveries, farming, and environmental monitoring among others. Ranging from devices as small as an insect to as large as a traditional jet, their capabilities vary broadly. Nonetheless, their functionality usually includes advanced circuitry, GPS and laser technology, and a variety of sensors to navigate, communicate, and perform tasks.
[2025-06-24 19:06:59] User: make me a short short description something about 20 words about uav's
JARVIS: Unmanned Aerial Vehicles (UAVs), controversial yet highly efficient, revolutionize surveillance, reconnaissance, and targeted operations globally, Sir.
[2025-06-24 19:14:40] User: make me a short short description something about 20 words about uav's
JARVIS: Certainly, sir. "Unmanned Aerial Vehicles (UAVs) are autonomous aircraft, employed extensively for surveillance, data collection, and dangerous missions. Efficient and versatile."
[2025-06-24 23:04:07] User: hello jarvis !
JARVIS: Sorry Sir, I am having trouble thinking right now.
[2025-06-24 23:06:15] User: hello jarvis
JARVIS: Sorry Sir, I am having trouble thinking right now.
[2025-06-24 23:07:26] User: hello jarvis
JARVIS: Sorry Sir, I am having trouble thinking right now.
[2025-06-24 23:08:16] User: hello jarvis
JARVIS: Sorry Sir, I am having trouble thinking right now.
[2025-06-24 23:13:32] User: hello jarvis
JARVIS: Good day, Sir. How may I assist you today?
[2025-06-24 23:14:02] User: Give me some info about ugv
JARVIS: UGV stands for Unmanned Ground Vehicle, which is a vehicle that operates without an onboard human operator. UGVs are used for various applications, such as military reconnaissance, bomb disposal, search and rescue missions, and agriculture. They can be controlled remotely by a human operator or operate autonomously based on pre-programmed instructions. UGVs are designed to perform tasks in dangerous or inaccessible environments, adding safety and efficiency to various operations. If you require more specific details or have a particular aspect of UGVs you wish to explore, please feel free to ask, Sir.
[2025-06-24 23:17:43] User: tell me a joke
JARVIS: Of course, sir. Here it is: Why don't we ever tell secrets on a farm? Because the potatoes have eyes, the corn has ears, and the beans stalk.
